<?xml version="1.0" encoding="UTF-8"?>
<testng-results ignored="0" total="13" passed="13" failed="0" skipped="0">
  <reporter-output>
  </reporter-output>
  <suite started-at="2024-03-01T10:34:05 IST" name="Suite" finished-at="2024-03-01T10:38:07 IST" duration-ms="241884">
    <groups>
      <group name="cucumber">
        <method signature="AbstractTestNGCucumberTests.runScenario(io.cucumber.testng.PickleWrapper,io.cucumber.testng.FeatureWrapper)[pri:0, instance:runner.TestRunner@201a4587]" name="runScenario" class="io.cucumber.testng.AbstractTestNGCucumberTests"/>
      </group> <!-- cucumber -->
    </groups>
    <test started-at="2024-03-01T10:34:05 IST" name="Cucumber Runner" finished-at="2024-03-01T10:38:07 IST" duration-ms="241884">
      <class name="runner.TestRunner">
        <test-method is-config="true" signature="setUpClass(org.testng.ITestContext)[pri:0, instance:runner.TestRunner@201a4587]" started-at="2024-03-01T10:34:05 IST" name="setUpClass" finished-at="2024-03-01T10:34:08 IST" duration-ms="2316" status="PASS">
          <params>
            <param index="0">
              <value>
                <![CDATA[org.testng.TestRunner@27fc0217]]>
              </value>
            </param>
          </params>
          <reporter-output>
          </reporter-output>
        </test-method> <!-- setUpClass -->
        <test-method signature="runScenario(io.cucumber.testng.PickleWrapper,io.cucumber.testng.FeatureWrapper)[pri:0, instance:runner.TestRunner@201a4587]" started-at="2024-03-01T10:34:08 IST" name="runScenario" description="Runs Cucumber Scenarios" data-provider="scenarios" finished-at="2024-03-01T10:35:01 IST" duration-ms="53704" status="PASS">
          <params>
            <param index="0">
              <value>
                <![CDATA["verifying Login for valid credentials"]]>
              </value>
            </param>
            <param index="1">
              <value>
                <![CDATA["Verify login functionality"]]>
              </value>
            </param>
          </params>
          <reporter-output>
          </reporter-output>
        </test-method> <!-- runScenario -->
        <test-method signature="runScenario(io.cucumber.testng.PickleWrapper,io.cucumber.testng.FeatureWrapper)[pri:0, instance:runner.TestRunner@201a4587]" started-at="2024-03-01T10:35:01 IST" name="runScenario" description="Runs Cucumber Scenarios" data-provider="scenarios" finished-at="2024-03-01T10:35:21 IST" duration-ms="19282" status="PASS">
          <params>
            <param index="0">
              <value>
                <![CDATA["verifying Login for valid credentials"]]>
              </value>
            </param>
            <param index="1">
              <value>
                <![CDATA["Verify login functionality"]]>
              </value>
            </param>
          </params>
          <reporter-output>
          </reporter-output>
        </test-method> <!-- runScenario -->
        <test-method signature="runScenario(io.cucumber.testng.PickleWrapper,io.cucumber.testng.FeatureWrapper)[pri:0, instance:runner.TestRunner@201a4587]" started-at="2024-03-01T10:35:21 IST" name="runScenario" description="Runs Cucumber Scenarios" data-provider="scenarios" finished-at="2024-03-01T10:35:34 IST" duration-ms="12958" status="PASS">
          <params>
            <param index="0">
              <value>
                <![CDATA["verifying Login for valid credentials"]]>
              </value>
            </param>
            <param index="1">
              <value>
                <![CDATA["Verify login functionality"]]>
              </value>
            </param>
          </params>
          <reporter-output>
          </reporter-output>
        </test-method> <!-- runScenario -->
        <test-method signature="runScenario(io.cucumber.testng.PickleWrapper,io.cucumber.testng.FeatureWrapper)[pri:0, instance:runner.TestRunner@201a4587]" started-at="2024-03-01T10:35:34 IST" name="runScenario" description="Runs Cucumber Scenarios" data-provider="scenarios" finished-at="2024-03-01T10:35:47 IST" duration-ms="13010" status="PASS">
          <params>
            <param index="0">
              <value>
                <![CDATA["verifying Login for invalid credentials"]]>
              </value>
            </param>
            <param index="1">
              <value>
                <![CDATA["Verify login functionality"]]>
              </value>
            </param>
          </params>
          <reporter-output>
          </reporter-output>
        </test-method> <!-- runScenario -->
        <test-method signature="runScenario(io.cucumber.testng.PickleWrapper,io.cucumber.testng.FeatureWrapper)[pri:0, instance:runner.TestRunner@201a4587]" started-at="2024-03-01T10:35:47 IST" name="runScenario" description="Runs Cucumber Scenarios" data-provider="scenarios" finished-at="2024-03-01T10:36:02 IST" duration-ms="15018" status="PASS">
          <params>
            <param index="0">
              <value>
                <![CDATA["verifying Login for valid emailID and invalid password"]]>
              </value>
            </param>
            <param index="1">
              <value>
                <![CDATA["Verify login functionality"]]>
              </value>
            </param>
          </params>
          <reporter-output>
          </reporter-output>
        </test-method> <!-- runScenario -->
        <test-method signature="runScenario(io.cucumber.testng.PickleWrapper,io.cucumber.testng.FeatureWrapper)[pri:0, instance:runner.TestRunner@201a4587]" started-at="2024-03-01T10:36:02 IST" name="runScenario" description="Runs Cucumber Scenarios" data-provider="scenarios" finished-at="2024-03-01T10:36:13 IST" duration-ms="11124" status="PASS">
          <params>
            <param index="0">
              <value>
                <![CDATA["verifying Login for Invalid emailID and Valid password"]]>
              </value>
            </param>
            <param index="1">
              <value>
                <![CDATA["Verify login functionality"]]>
              </value>
            </param>
          </params>
          <reporter-output>
          </reporter-output>
        </test-method> <!-- runScenario -->
        <test-method signature="runScenario(io.cucumber.testng.PickleWrapper,io.cucumber.testng.FeatureWrapper)[pri:0, instance:runner.TestRunner@201a4587]" started-at="2024-03-01T10:36:13 IST" name="runScenario" description="Runs Cucumber Scenarios" data-provider="scenarios" finished-at="2024-03-01T10:36:27 IST" duration-ms="14122" status="PASS">
          <params>
            <param index="0">
              <value>
                <![CDATA["verifying Login for blank email and password"]]>
              </value>
            </param>
            <param index="1">
              <value>
                <![CDATA["Verify login functionality"]]>
              </value>
            </param>
          </params>
          <reporter-output>
          </reporter-output>
        </test-method> <!-- runScenario -->
        <test-method signature="runScenario(io.cucumber.testng.PickleWrapper,io.cucumber.testng.FeatureWrapper)[pri:0, instance:runner.TestRunner@201a4587]" started-at="2024-03-01T10:36:27 IST" name="runScenario" description="Runs Cucumber Scenarios" data-provider="scenarios" finished-at="2024-03-01T10:36:43 IST" duration-ms="15958" status="PASS">
          <params>
            <param index="0">
              <value>
                <![CDATA["verify user is able to register with mandatory fields filled"]]>
              </value>
            </param>
            <param index="1">
              <value>
                <![CDATA["Validate Register Functionality"]]>
              </value>
            </param>
          </params>
          <reporter-output>
          </reporter-output>
        </test-method> <!-- runScenario -->
        <test-method signature="runScenario(io.cucumber.testng.PickleWrapper,io.cucumber.testng.FeatureWrapper)[pri:0, instance:runner.TestRunner@201a4587]" started-at="2024-03-01T10:36:43 IST" name="runScenario" description="Runs Cucumber Scenarios" data-provider="scenarios" finished-at="2024-03-01T10:37:04 IST" duration-ms="21265" status="PASS">
          <params>
            <param index="0">
              <value>
                <![CDATA["verify user is not able to register with duplicate EmailID"]]>
              </value>
            </param>
            <param index="1">
              <value>
                <![CDATA["Validate Register Functionality"]]>
              </value>
            </param>
          </params>
          <reporter-output>
          </reporter-output>
        </test-method> <!-- runScenario -->
        <test-method signature="runScenario(io.cucumber.testng.PickleWrapper,io.cucumber.testng.FeatureWrapper)[pri:0, instance:runner.TestRunner@201a4587]" started-at="2024-03-01T10:37:04 IST" name="runScenario" description="Runs Cucumber Scenarios" data-provider="scenarios" finished-at="2024-03-01T10:37:22 IST" duration-ms="17700" status="PASS">
          <params>
            <param index="0">
              <value>
                <![CDATA["verify if user is not able to register without privacy checkbox"]]>
              </value>
            </param>
            <param index="1">
              <value>
                <![CDATA["Validate Register Functionality"]]>
              </value>
            </param>
          </params>
          <reporter-output>
          </reporter-output>
        </test-method> <!-- runScenario -->
        <test-method signature="runScenario(io.cucumber.testng.PickleWrapper,io.cucumber.testng.FeatureWrapper)[pri:0, instance:runner.TestRunner@201a4587]" started-at="2024-03-01T10:37:22 IST" name="runScenario" description="Runs Cucumber Scenarios" data-provider="scenarios" finished-at="2024-03-01T10:37:37 IST" duration-ms="15118" status="PASS">
          <params>
            <param index="0">
              <value>
                <![CDATA["verify logout scenario"]]>
              </value>
            </param>
            <param index="1">
              <value>
                <![CDATA["Validating the LogOut functionlity"]]>
              </value>
            </param>
          </params>
          <reporter-output>
          </reporter-output>
        </test-method> <!-- runScenario -->
        <test-method signature="runScenario(io.cucumber.testng.PickleWrapper,io.cucumber.testng.FeatureWrapper)[pri:0, instance:runner.TestRunner@201a4587]" started-at="2024-03-01T10:37:37 IST" name="runScenario" description="Runs Cucumber Scenarios" data-provider="scenarios" finished-at="2024-03-01T10:37:53 IST" duration-ms="15822" status="PASS">
          <params>
            <param index="0">
              <value>
                <![CDATA["user searched for valid product"]]>
              </value>
            </param>
            <param index="1">
              <value>
                <![CDATA["Validating Search functionality"]]>
              </value>
            </param>
          </params>
          <reporter-output>
          </reporter-output>
        </test-method> <!-- runScenario -->
        <test-method signature="runScenario(io.cucumber.testng.PickleWrapper,io.cucumber.testng.FeatureWrapper)[pri:0, instance:runner.TestRunner@201a4587]" started-at="2024-03-01T10:37:53 IST" name="runScenario" description="Runs Cucumber Scenarios" data-provider="scenarios" finished-at="2024-03-01T10:38:07 IST" duration-ms="14282" status="PASS">
          <params>
            <param index="0">
              <value>
                <![CDATA["user searched for invalid product"]]>
              </value>
            </param>
            <param index="1">
              <value>
                <![CDATA["Validating Search functionality"]]>
              </value>
            </param>
          </params>
          <reporter-output>
          </reporter-output>
        </test-method> <!-- runScenario -->
        <test-method is-config="true" signature="tearDownClass()[pri:0, instance:runner.TestRunner@201a4587]" started-at="2024-03-01T10:38:07 IST" name="tearDownClass" finished-at="2024-03-01T10:38:07 IST" duration-ms="111" status="PASS">
          <reporter-output>
          </reporter-output>
        </test-method> <!-- tearDownClass -->
      </class> <!-- runner.TestRunner -->
    </test> <!-- Cucumber Runner -->
  </suite> <!-- Suite -->
</testng-results>
